TN:
SF:lib/core/data/api/api_client.dart
FNF:0
FNH:0
DA:29,0
DA:30,0
DA:31,0
DA:32,0
LF:4
LH:0
end_of_record
TN:
SF:lib/core/data/api/auth_interceptor.dart
FNF:0
FNH:0
DA:8,0
DA:10,0
DA:11,0
DA:12,0
DA:13,0
DA:15,0
DA:16,0
LF:7
LH:0
end_of_record
TN:
SF:lib/core/data/database/database_constants.dart
FNF:0
FNH:0
DA:9,6
LF:1
LH:1
end_of_record
TN:
SF:lib/core/data/database/databse_configure.dart
FNF:0
FNH:0
DA:5,1
DA:6,1
DA:7,0
DA:9,2
DA:11,3
DA:12,3
DA:13,3
DA:14,3
DA:15,3
LF:9
LH:8
end_of_record
TN:
SF:lib/core/use_cases/use_case.dart
FNF:0
FNH:0
DA:11,1
DA:12,1
LF:2
LH:2
end_of_record
TN:
SF:lib/domain/failure/failure_messages.dart
FNF:0
FNH:0
DA:4,0
DA:5,0
DA:6,0
DA:7,0
LF:4
LH:0
end_of_record
TN:
SF:lib/features/global/constants/constants.dart
FNF:0
FNH:0
DA:4,0
DA:5,0
DA:6,0
LF:3
LH:0
end_of_record
TN:
SF:lib/features/global/permissions/geolocator_handler.dart
FNF:0
FNH:0
DA:5,0
DA:6,0
DA:8,0
DA:9,0
DA:12,0
DA:16,0
DA:18,0
DA:21,0
DA:22,0
DA:23,0
DA:24,0
DA:25,0
DA:29,0
DA:30,0
DA:34,0
LF:15
LH:0
end_of_record
TN:
SF:lib/features/global/services/location_service.dart
FNF:0
FNH:0
DA:9,1
DA:12,2
DA:15,0
DA:19,1
DA:20,1
DA:21,1
DA:23,0
DA:26,1
DA:28,1
LF:9
LH:7
end_of_record
TN:
SF:lib/features/global/sizes/app_sizes.dart
FNF:0
FNH:0
DA:8,0
DA:12,0
DA:13,0
DA:15,0
DA:16,0
DA:19,0
DA:25,0
DA:28,0
DA:29,0
DA:37,0
DA:38,0
DA:39,0
DA:45,3
LF:13
LH:1
end_of_record
TN:
SF:lib/features/global/utils/date_format_extension.dart
FNF:0
FNH:0
DA:4,0
DA:5,0
DA:6,0
DA:9,0
DA:10,0
DA:11,0
DA:14,0
DA:15,0
DA:16,0
LF:9
LH:0
end_of_record
TN:
SF:lib/features/global/utils/string_fromat_extension.dart
FNF:0
FNH:0
DA:2,1
DA:3,1
DA:4,1
LF:3
LH:3
end_of_record
TN:
SF:lib/features/home/data/data_source/local/local_data_source_impl.dart
FNF:0
FNH:0
DA:10,1
DA:11,4
DA:13,2
DA:15,1
DA:20,1
DA:21,4
DA:22,2
DA:23,2
DA:24,2
LF:9
LH:9
end_of_record
TN:
SF:lib/features/home/data/data_source/remote/remote_data_source_impl.dart
FNF:0
FNH:0
DA:11,0
DA:14,0
DA:15,0
DA:19,0
DA:20,0
LF:5
LH:0
end_of_record
TN:
SF:lib/features/home/data/repositories/weather_repository_impl.dart
FNF:0
FNH:0
DA:18,1
DA:21,1
DA:23,3
DA:24,1
DA:25,2
DA:26,1
DA:27,1
DA:28,1
DA:29,0
DA:30,0
DA:33,3
DA:35,1
LF:12
LH:10
end_of_record
TN:
SF:lib/features/home/domain/entities/base_entity.dart
FNF:0
FNH:0
DA:5,1
DA:9,0
DA:10,0
LF:3
LH:1
end_of_record
TN:
SF:lib/features/home/domain/entities/hour_forecast_entity.dart
FNF:0
FNH:0
DA:11,0
DA:12,0
DA:15,1
DA:21,1
DA:23,1
DA:24,1
DA:25,1
DA:26,1
DA:27,1
DA:28,1
DA:29,1
DA:32,1
DA:34,6
DA:38,0
DA:39,0
DA:42,0
DA:43,0
LF:17
LH:11
end_of_record
TN:
SF:lib/features/home/domain/entities/weather_data_entity.dart
FNF:0
FNH:0
DA:10,1
DA:16,1
DA:17,1
DA:18,2
DA:19,3
DA:20,3
DA:24,1
DA:25,4
DA:29,1
DA:30,1
DA:31,2
DA:32,2
LF:12
LH:12
end_of_record
TN:
SF:lib/features/home/domain/entities/weather_entity.dart
FNF:0
FNH:0
DA:11,1
DA:17,1
DA:19,1
DA:20,1
DA:21,1
DA:22,1
DA:23,1
DA:24,1
DA:25,1
DA:28,1
DA:30,6
DA:34,0
DA:35,0
DA:38,0
DA:39,0
LF:15
LH:11
end_of_record
TN:
SF:lib/features/home/domain/use_cases/get_weather_data_use_case.dart
FNF:0
FNH:0
DA:12,0
DA:15,0
DA:16,0
LF:3
LH:0
end_of_record
TN:
SF:lib/features/home/presentation/state/cubit/weather_cubit.dart
FNF:0
FNH:0
DA:17,1
DA:19,1
DA:23,1
DA:25,1
DA:26,4
DA:27,1
DA:28,3
DA:29,2
DA:30,1
DA:36,0
DA:37,0
DA:41,0
DA:42,0
DA:45,0
DA:46,0
LF:15
LH:9
end_of_record
TN:
SF:lib/features/search/data/repositories/search_repository_impl.dart
FNF:0
FNH:0
DA:14,1
DA:19,1
DA:21,3
DA:22,1
DA:23,1
DA:24,1
DA:25,0
DA:26,0
DA:29,3
DA:31,1
DA:34,1
DA:35,1
DA:36,2
DA:37,2
LF:14
LH:12
end_of_record
TN:
SF:lib/features/search/domain/entities/search_entity.dart
FNF:0
FNH:0
DA:9,0
DA:11,1
DA:17,1
DA:18,1
DA:19,3
DA:22,1
DA:23,4
LF:7
LH:6
end_of_record
TN:
SF:lib/features/search/domain/use_cases/search_city_use_case.dart
FNF:0
FNH:0
DA:11,0
DA:16,0
DA:17,0
LF:3
LH:0
end_of_record
TN:
SF:lib/features/search/presentation/state/cubit/search_cubit.dart
FNF:0
FNH:0
DA:16,1
DA:17,2
DA:22,1
DA:23,5
DA:24,1
DA:25,4
DA:27,3
DA:28,1
DA:29,3
DA:30,2
DA:31,3
DA:33,0
DA:34,0
DA:38,0
DA:39,0
DA:40,0
LF:16
LH:11
end_of_record
TN:
SF:lib/features/search/presentation/state/cubit/search_state.dart
FNF:0
FNH:0
DA:10,2
DA:12,1
DA:15,2
LF:3
LH:3
end_of_record
TN:
SF:lib/features/splash/splash_page.dart
FNF:0
FNH:0
DA:8,3
DA:10,0
DA:11,0
DA:15,0
DA:17,0
DA:18,0
DA:21,0
DA:23,0
DA:24,0
DA:25,0
DA:26,0
DA:27,0
DA:28,0
DA:30,0
DA:48,0
DA:49,0
DA:51,0
DA:52,0
LF:18
LH:1
end_of_record
TN:
SF:lib/injections/injection.config.dart
FNF:0
FNH:0
DA:36,0
DA:38,0
DA:39,0
DA:40,0
DA:41,0
DA:42,0
DA:43,0
DA:44,0
DA:45,0
DA:46,0
DA:47,0
DA:48,0
DA:49,0
DA:50,0
DA:51,0
DA:52,0
DA:53,0
DA:54,0
DA:55,0
DA:56,0
DA:57,0
DA:58,0
LF:22
LH:0
end_of_record
TN:
SF:lib/injections/injection.dart
FNF:0
FNH:0
DA:9,0
DA:12,0
DA:13,0
DA:18,0
DA:19,0
DA:20,0
DA:25,0
DA:26,0
DA:27,0
LF:9
LH:0
end_of_record
TN:
SF:lib/routes/auto_router.gr.dart
FNF:0
FNH:0
DA:16,0
DA:20,0
DA:21,0
DA:24,0
DA:25,0
DA:30,0
DA:31,0
DA:32,0
DA:33,0
DA:40,0
DA:48,3
LF:11
LH:1
end_of_record
